{
  "RSpec": {
    "coverage": {
      "/Users/danielleinkster/Projects/makers/week9/gilded-rose2/tech_test_2/spec/gilded_rose_spec.rb": [
        1,
        null,
        1,
        null,
        1,
        1,
        1,
        1,
        1,
        null,
        null,
        1,
        1,
        1,
        1,
        1,
        null,
        null,
        1,
        1,
        1,
        1,
        null,
        null,
        1,
        1,
        1,
        1,
        null,
        null,
        1,
        1,
        1,
        1,
        1,
        null,
        null,
        null,
        1,
        1,
        1,
        1,
        1,
        null,
        null,
        1,
        1,
        1,
        1,
        null,
        null,
        1,
        1,
        1,
        1,
        null,
        null,
        1,
        1,
        1,
        1,
        null,
        null,
        1,
        1,
        1,
        1,
        null,
        null,
        null,
        1,
        1,
        1,
        1,
        1,
        null,
        null,
        1,
        1,
        1,
        1,
        null,
        null,
        1,
        1,
        1,
        1,
        null,
        null,
        1,
        1,
        1,
        1,
        null,
        null,
        1,
        1,
        1,
        1,
        null,
        null,
        null,
        null,
        null,
        null,
        null,
        null,
        null,
        null,
        null,
        null,
        null,
        null
      ],
      "/Users/danielleinkster/Projects/makers/week9/gilded-rose2/tech_test_2/lib/gilded_rose.rb": [
        1,
        null,
        1,
        1,
        1,
        null,
        1,
        15,
        null,
        null,
        1,
        15,
        15,
        15,
        5,
        null,
        5,
        null,
        1,
        null,
        4,
        null,
        null,
        null,
        null,
        1,
        null,
        1,
        4,
        1,
        null,
        3,
        2,
        null,
        1,
        null,
        null,
        null,
        null,
        1,
        5,
        3,
        1,
        2,
        1,
        null,
        1,
        null,
        null,
        2,
        null,
        null,
        null,
        1,
        5,
        4,
        1,
        3,
        1,
        2,
        1,
        null,
        1,
        null,
        1,
        null,
        null,
        null,
        1,
        1,
        1,
        null,
        null,
        null
      ],
      "/Users/danielleinkster/Projects/makers/week9/gilded-rose2/tech_test_2/lib/item.rb": [
        1,
        1,
        null,
        1,
        19,
        19,
        19,
        null,
        null,
        1,
        1,
        null,
        null
      ],
      "/Users/danielleinkster/Projects/makers/week9/gilded-rose2/tech_test_2/spec/item_spec.rb": [
        1,
        null,
        1,
        5,
        null,
        1,
        1,
        null,
        null,
        1,
        1,
        null,
        null,
        1,
        1,
        null,
        null,
        1,
        1,
        1,
        null,
        null,
        null
      ]
    },
    "timestamp": 1574265045
  }
}
