{
  "RSpec": {
    "coverage": {
      "/Users/danielleinkster/Projects/makers/week9/gilded-rose2/tech_test_2/spec/assessment_spec.rb": [
        1,
        null,
        1,
        null,
        1,
        1,
        1,
        1,
        1,
        null,
        null,
        1,
        1,
        1,
        1,
        1,
        null,
        null,
        1,
        1,
        1,
        1,
        null,
        null,
        null,
        1,
        1,
        1,
        1,
        1,
        null,
        null,
        1,
        1,
        1,
        1,
        1,
        null,
        null,
        null,
        1,
        1,
        1,
        1,
        1,
        1,
        1,
        null,
        null,
        null,
        1,
        1,
        1,
        1,
        1,
        1,
        null,
        null,
        1,
        1,
        1,
        1,
        1,
        null,
        null,
        1,
        1,
        1,
        1,
        1,
        null,
        null,
        1,
        1,
        1,
        1,
        1,
        null,
        null,
        1,
        1,
        1,
        1,
        1,
        null,
        null,
        null,
        1,
        1,
        1,
        1,
        1,
        1,
        null,
        null,
        1,
        1,
        1,
        1,
        1,
        null,
        null,
        1,
        1,
        1,
        1,
        1,
        null,
        null,
        1,
        1,
        1,
        1,
        1,
        null,
        null,
        null
      ],
      "/Users/danielleinkster/Projects/makers/week9/gilded-rose2/tech_test_2/lib/assessment.rb": [
        1,
        1,
        null,
        1,
        1,
        1,
        1,
        null,
        1,
        null,
        null,
        null,
        16,
        null,
        null,
        1,
        4,
        4,
        4,
        null,
        null,
        null,
        1,
        5,
        4,
        4,
        4,
        4,
        null,
        null,
        null,
        1,
        6,
        5,
        5,
        5,
        5,
        5,
        null,
        null,
        null,
        1,
        3,
        2,
        null,
        null,
        null,
        1,
        2,
        1,
        1,
        null,
        null,
        null,
        1,
        4,
        null,
        null
      ],
      "/Users/danielleinkster/Projects/makers/week9/gilded-rose2/tech_test_2/lib/item.rb": [
        1,
        1,
        null,
        1,
        20,
        20,
        20,
        null,
        null,
        1,
        1,
        null,
        null
      ],
      "/Users/danielleinkster/Projects/makers/week9/gilded-rose2/tech_test_2/lib/gilded_rose.rb": [
        1,
        1,
        null,
        1,
        null,
        1,
        null,
        1,
        16,
        16,
        null,
        null,
        1,
        1,
        1,
        1,
        1,
        1,
        1,
        1,
        null,
        null,
        null
      ],
      "/Users/danielleinkster/Projects/makers/week9/gilded-rose2/tech_test_2/spec/gilded_rose_spec.rb": [
        1,
        null,
        1,
        null,
        1,
        1,
        1,
        1,
        1,
        null,
        null,
        null
      ],
      "/Users/danielleinkster/Projects/makers/week9/gilded-rose2/tech_test_2/spec/item_spec.rb": [
        1,
        null,
        1,
        5,
        null,
        1,
        1,
        null,
        null,
        1,
        1,
        null,
        null,
        1,
        1,
        null,
        null,
        1,
        1,
        1,
        null,
        null,
        null
      ]
    },
    "timestamp": 1574293695
  }
}
